
=== Fri Mar  7 13:47:53 2025

Packages were changed.
Update Mode: mergeDefaultDependencies

The following packages were added:
  com.unity.modules.accessibility@1.0.0
  com.unity.multiplayer.center@1.0.0
The following packages were updated:
  com.unity.inputsystem from version 1.12.0 to 1.13.0
  com.unity.learn.iet-framework from version 4.0.2 to 4.0.4
  com.unity.memoryprofiler from version 1.1.1 to 1.1.5
  com.unity.recorder from version 5.1.1 to 5.1.2
  com.unity.render-pipelines.universal from version 17.0.3 to 17.0.4
  com.unity.splines from version 2.6.1 to 2.7.2
  com.unity.test-framework from version 1.4.5 to 1.4.6
  com.unity.visualeffectgraph from version 17.0.3 to 17.0.4

=== Fri Mar  7 13:55:19 2025

Packages were changed.
Update Mode: updateDependencies

The following packages were updated:
  com.unity.ai.navigation from version 1.1.5 to 2.0.6
  com.unity.animation.rigging from version 1.2.1 to 1.3.0
  com.unity.burst from version 1.8.16 to 1.8.19
  com.unity.ext.nunit from version 1.0.6 to 2.0.5
  com.unity.inputsystem from version 1.7.0 to 1.13.0
  com.unity.learn.iet-framework from version 3.1.3 to 4.0.4
  com.unity.mathematics from version 1.3.1 to 1.3.2
  com.unity.test-framework from version 1.1.33 to 1.4.6
  com.unity.ugui from version 1.0.0 to 2.0.0
The following packages were removed:
  com.unity.textmeshpro@3.0.9

=== Fri Mar  7 13:55:19 2025

Packages were changed.
Update Mode: mergeDefaultDependencies

The following packages were added:
  com.unity.2d.sprite@1.0.0
  com.unity.ai.navigation@2.0.6
  com.unity.animation.rigging@1.3.0
  com.unity.burst@1.8.19
  com.unity.cloud.gltfast@6.10.3
  com.unity.device-simulator.devices@1.0.0
  com.unity.editorcoroutines@1.0.0
  com.unity.ext.nunit@2.0.5
  com.unity.mathematics@1.3.2
  com.unity.nuget.newtonsoft-json@3.2.1
  com.unity.settings-manager@2.0.1
  com.unity.modules.subsystems@1.0.0
